<?xml version="1.0" encoding="UTF-8"?>
<testng-results skipped="0" failed="0" total="1" passed="1">
  <reporter-output>
  </reporter-output>
  <suite name="Default suite" duration-ms="18974" started-at="2020-07-02T13:19:44Z" finished-at="2020-07-02T13:20:03Z">
    <groups>
    </groups>
    <test name="Default test" duration-ms="18974" started-at="2020-07-02T13:19:44Z" finished-at="2020-07-02T13:20:03Z">
      <class name="testCases.TC_01_Login">
        <test-method status="PASS" signature="setUp()[pri:0, instance:testCases.TC_01_Login@7907ec20]" name="setUp" is-config="true" duration-ms="11668" started-at="2020-07-02T18:49:44Z" finished-at="2020-07-02T18:49:56Z">
          <reporter-output>
          </reporter-output>
        </test-method> <!-- setUp -->
        <test-method status="PASS" signature="login()[pri:0, instance:testCases.TC_01_Login@7907ec20]" name="login" duration-ms="6391" started-at="2020-07-02T18:49:56Z" finished-at="2020-07-02T18:50:02Z">
          <reporter-output>
          </reporter-output>
        </test-method> <!-- login -->
        <test-method status="PASS" signature="quitBrowser()[pri:0, instance:testCases.TC_01_Login@7907ec20]" name="quitBrowser" is-config="true" duration-ms="890" started-at="2020-07-02T18:50:02Z" finished-at="2020-07-02T18:50:03Z">
          <reporter-output>
          </reporter-output>
        </test-method> <!-- quitBrowser -->
      </class> <!-- testCases.TC_01_Login -->
    </test> <!-- Default test -->
  </suite> <!-- Default suite -->
</testng-results>
